<?xml version="1.0" encoding="UTF-8"?>
<!-- Generated by org.testng.reporters.JUnitXMLReporter -->
<testsuite ignored="0" hostname="YashrajShrivastava-D24JG34XPX" failures="0" tests="3" name="Surefire test" time="5.397" errors="0" timestamp="2024-10-16T01:13:15 IST">
  <testcase classname="RemoteDriverTest" name="@BeforeMethod setup" time="-1.729021395127E9">
    <failure type="org.testng.TestNGException" message="
Parameter &amp;apos;browser&amp;apos; is required by BeforeMethod on method setup but has not been marked @Optional or defined
">
      <![CDATA[org.testng.TestNGException: 
Parameter 'browser' is required by BeforeMethod on method setup but has not been marked @Optional or defined

at java.base/java.util.ArrayList.forEach(ArrayList.java:1597)
... Removed 33 stack frames]]>
    </failure>
  </testcase> <!-- @BeforeMethod setup -->
  <testcase classname="RemoteDriverTest" name="@AfterMethod teardown" time="-1.72902139513E9">
    <skipped/>
  </testcase> <!-- @AfterMethod teardown -->
  <testcase classname="BasicTest" name="testBrowserStackTitle" time="1.189"/>
  <testcase classname="LocalMultiBrowserTest" name="testBrowserStackTitle" time="1.73"/>
  <testcase classname="RemoteDriverTest" name="testBrowserStackTitle" time="0.0">
    <skipped/>
  </testcase> <!-- testBrowserStackTitle -->
</testsuite> <!-- Surefire test -->
